%このファイルは日本語文字を含みます.
\BOOKMARK [1][-]{section.1}{\376\377\060\157\060\130\060\201\060\153}{}% 1
\BOOKMARK [1][-]{section.2}{\376\377\133\237\232\023\060\156\151\202\211\201}{}% 2
\BOOKMARK [2][-]{subsection.2.1}{\376\377\136\163\127\107\116\214\116\127\212\244\135\356\377\010\000M\000S\000E\377\011}{section.2}% 3
\BOOKMARK [1][-]{section.3}{\376\377\133\237\232\023\164\006\212\326}{}% 4
\BOOKMARK [2][-]{subsection.3.1}{\376\377\060\313\060\345\060\374\060\351\060\353\060\315\060\303\060\310\060\357\060\374\060\257\060\153\060\210\060\213\124\301\214\352\145\071\125\204}{section.3}% 5
\BOOKMARK [2][-]{subsection.3.2}{\376\377\226\240\060\214\134\144\060\156\127\047\176\056\142\113\154\325}{section.3}% 6
\BOOKMARK [1][-]{section.4}{\376\377\060\267\060\271\060\306\060\340\060\156\151\313\142\020}{}% 7
\BOOKMARK [2][-]{subsection.4.1}{\376\377\060\317\060\374\060\311\060\246\060\247\060\242\151\313\142\020}{section.4}% 8
\BOOKMARK [2][-]{subsection.4.2}{\376\377\060\275\060\325\060\310\060\246\060\247\060\242\151\313\142\020}{section.4}% 9
\BOOKMARK [1][-]{section.5}{\376\377\133\237\232\023\145\271\154\325}{}% 10
\BOOKMARK [2][-]{subsection.5.1}{\376\377\133\237\232\023\060\156\166\356\166\204\060\150\145\271\221\335}{section.5}% 11
\BOOKMARK [2][-]{subsection.5.2}{\376\377\133\237\232\023\060\156\121\150\117\123\060\325\060\355\060\374}{section.5}% 12
\BOOKMARK [2][-]{subsection.5.3}{\376\377\133\237\232\023\147\141\116\366}{section.5}% 13
\BOOKMARK [2][-]{subsection.5.4}{\376\377\133\237\232\023\142\113\230\006}{section.5}% 14
\BOOKMARK [2][-]{subsection.5.5}{\376\377\212\125\117\241\145\271\154\325}{section.5}% 15
\BOOKMARK [2][-]{subsection.5.6}{\376\377\153\324\217\003\133\376\214\141}{section.5}% 16
\BOOKMARK [1][-]{section.6}{\376\377\133\237\232\023\175\120\147\234}{}% 17
\BOOKMARK [2][-]{subsection.6.1}{\376\377\000M\000S\000E\156\054\133\232\175\120\147\234}{section.6}% 18
\BOOKMARK [2][-]{subsection.6.2}{\376\377\060\263\060\363\060\321\060\244\060\353\146\102\225\223\060\150\060\341\060\342\060\352\117\177\165\050\221\317}{section.6}% 19
\BOOKMARK [2][-]{subsection.6.3}{\376\377\212\163\175\060\060\307\060\374\060\277}{section.6}% 20
\BOOKMARK [2][-]{subsection.6.4}{\376\377\175\120\147\234\060\156\060\176\060\150\060\201}{section.6}% 21
